<?xml version="1.0" encoding="UTF-8"?>
<testsuite xmlns:xsi="http://www.w3.org/2001/XMLSchema-instance" xsi:noNamespaceSchemaLocation="https://maven.apache.org/surefire/maven-surefire-plugin/xsd/surefire-test-report-3.0.xsd" version="3.0" name="com.drewm.repository.DeckRepositoryTest" time="6.225" tests="1" errors="0" skipped="0" failures="0">
  <properties>
[...]
</properties>
  <testcase name="findAllByUserId" classname="com.drewm.repository.DeckRepositoryTest" time="1.029">
    <system-out><![CDATA[21:44:36.426 [main] INFO org.springframework.test.context.support.AnnotationConfigContextLoaderUtils -- Could not detect default configuration classes for test class [com.drewm.repository.DeckRepositoryTest]: DeckRepositoryTest does not declare any static, non-private, non-final, nested classes annotated with @Configuration.
21:44:36.657 [main] INFO org.springframework.boot.test.context.SpringBootTestContextBootstrapper -- Found @SpringBootConfiguration com.drewm.FlashcardsApiApplication for test class com.drewm.repository.DeckRepositoryTest

  .   ____          _            __ _ _
 /\\ / ___'_ __ _ _(_)_ __  __ _ \ \ \ \
( ( )\___ | '_ | '_| | '_ \/ _` | \ \ \ \
 \\/  ___)| |_)| | | | | || (_| |  ) ) ) )
  '  |____| .__|_| |_|_| |_\__, | / / / /
 =========|_|==============|___/=/_/_/_/
 :: Spring Boot ::                (v3.1.4)

2023-12-02T21:44:37.437-05:00  INFO 67620 --- [           main] m.p.springdotenv.DotenvPropertySource    : Initializing Dotenv with DotenvConfig{directory=null, filename=null, ignoreIfMalformed=false, ignoreIfMissing=true, systemProperties=false, prefix=null}
2023-12-02T21:44:37.468-05:00  INFO 67620 --- [           main] c.drewm.repository.DeckRepositoryTest    : Starting DeckRepositoryTest using Java 17.0.8 with PID 67620 (started by drew in /Users/drew/Code/flashcards-api)
2023-12-02T21:44:37.470-05:00  INFO 67620 --- [           main] c.drewm.repository.DeckRepositoryTest    : No active profile set, falling back to 1 default profile: "default"
2023-12-02T21:44:38.018-05:00  INFO 67620 --- [           main] .s.d.r.c.RepositoryConfigurationDelegate : Bootstrapping Spring Data JPA repositories in DEFAULT mode.
2023-12-02T21:44:38.115-05:00  INFO 67620 --- [           main] .s.d.r.c.RepositoryConfigurationDelegate : Finished Spring Data repository scanning in 85 ms. Found 3 JPA repository interfaces.
2023-12-02T21:44:38.196-05:00  INFO 67620 --- [           main] beddedDataSourceBeanFactoryPostProcessor : Replacing 'dataSource' DataSource bean with embedded version
2023-12-02T21:44:38.445-05:00  INFO 67620 --- [           main] o.s.j.d.e.EmbeddedDatabaseFactory        : Starting embedded database: url='jdbc:h2:mem:790d3b77-760e-4450-bd35-511dd21783aa;DB_CLOSE_DELAY=-1;DB_CLOSE_ON_EXIT=false', username='sa'
2023-12-02T21:44:38.906-05:00  INFO 67620 --- [           main] o.hibernate.jpa.internal.util.LogHelper  : HHH000204: Processing PersistenceUnitInfo [name: default]
2023-12-02T21:44:38.995-05:00  INFO 67620 --- [           main] org.hibernate.Version                    : HHH000412: Hibernate ORM core version 6.2.9.Final
2023-12-02T21:44:38.999-05:00  INFO 67620 --- [           main] org.hibernate.cfg.Environment            : HHH000406: Using bytecode reflection optimizer
2023-12-02T21:44:39.201-05:00  INFO 67620 --- [           main] o.h.b.i.BytecodeProviderInitiator        : HHH000021: Bytecode provider name : bytebuddy
2023-12-02T21:44:39.401-05:00  INFO 67620 --- [           main] o.s.o.j.p.SpringPersistenceUnitInfo      : No LoadTimeWeaver setup: ignoring JPA class transformer
2023-12-02T21:44:39.456-05:00  WARN 67620 --- [           main] org.hibernate.dialect.Dialect            : HHH000511: The 2.1.0 version for [org.hibernate.dialect.PostgreSQLDialect] is no longer supported, hence certain features may not work properly. The minimum supported version is 10.0.0. Check the community dialects project for available legacy versions.
2023-12-02T21:44:39.763-05:00  INFO 67620 --- [           main] o.h.b.i.BytecodeProviderInitiator        : HHH000021: Bytecode provider name : bytebuddy
2023-12-02T21:44:40.558-05:00  INFO 67620 --- [           main] o.h.e.t.j.p.i.JtaPlatformInitiator       : HHH000490: Using JtaPlatform implementation: [org.hibernate.engine.transaction.jta.platform.internal.NoJtaPlatform]
Hibernate: 
    create table _user (
        id integer not null,
        created_at timestamp(6),
        display_name varchar(255),
        password varchar(255),
        username varchar(255),
        primary key (id)
    )
Hibernate: 
    create table card (
        id integer not null,
        back_text varchar(255),
        created_at timestamp(6),
        deck_id integer,
        front_text varchar(255),
        user_id integer,
        primary key (id)
    )
Hibernate: 
    create table deck (
        id integer not null,
        created_at timestamp(6),
        is_private boolean not null,
        name varchar(255),
        user_id integer,
        primary key (id)
    )
Hibernate: 
    create sequence card_id_sequence start with 1 increment by 50
Hibernate: 
    create sequence deck_id_sequence start with 1 increment by 50
Hibernate: 
    create sequence user_id_sequence start with 1 increment by 50
2023-12-02T21:44:40.614-05:00  INFO 67620 --- [           main] j.LocalContainerEntityManagerFactoryBean : Initialized JPA EntityManagerFactory for persistence unit 'default'
2023-12-02T21:44:40.641-05:00  WARN 67620 --- [           main] JpaBaseConfiguration$JpaWebConfiguration : spring.jpa.open-in-view is enabled by default. Therefore, database queries may be performed during view rendering. Explicitly configure spring.jpa.open-in-view to disable this warning
2023-12-02T21:44:41.214-05:00  INFO 67620 --- [           main] o.s.d.j.r.query.QueryEnhancerFactory     : Hibernate is in classpath; If applicable, HQL parser will be used.
2023-12-02T21:44:41.287-05:00  INFO 67620 --- [           main] c.drewm.repository.DeckRepositoryTest    : Started DeckRepositoryTest in 4.491 seconds (process running for 6.169)
Hibernate: 
    select
        u1_0.id,
        u1_0.created_at,
        u1_0.display_name,
        u1_0.password,
        u1_0.username 
    from
        _user u1_0 
    where
        u1_0.id=?
Hibernate: 
    select
        nextval('user_id_sequence')
Hibernate: 
    select
        nextval('deck_id_sequence')
Hibernate: 
    insert 
    into
        _user
        (created_at,display_name,password,username,id) 
    values
        (?,?,?,?,?)
Hibernate: 
    insert 
    into
        deck
        (created_at,is_private,name,user_id,id) 
    values
        (?,?,?,?,?)
Hibernate: 
    select
        d1_0.id,
        d1_0.created_at,
        d1_0.is_private,
        d1_0.name,
        d1_0.user_id 
    from
        deck d1_0 
    where
        d1_0.user_id=?
Hibernate: 
    select
        d1_0.id,
        d1_0.created_at,
        d1_0.is_private,
        d1_0.name,
        d1_0.user_id 
    from
        deck d1_0
]]></system-out>
  </testcase>
</testsuite>